Build started 9/3/2016 1:11:37 PM.
     1>Project "C:\Users\Chris\Documents\Visual Studio Projects\Attractor2\Attractor\Attractor.vcxproj" on node 2 (Build target(s)).
     1>ClCompile:
         C:\Program Files (x86)\Microsoft Visual Studio 12.0\VC\bin\CL.exe /c /Zi /nologo /W3 /WX- /sdl /O2 /Oi /Oy- /GL /D _MBCS /Gm- /EHsc /MD /GS /Gy /fp:precise /Zc:wchar_t /Zc:forScope /Fo"Release\\" /Fd"Release\vc120.pdb" /Gd /TP /analyze- /errorReport:prompt Attractor.cpp
         Attractor.cpp
     1>Attractor.cpp(412): warning C4244: '=' : conversion from 'double' to 'float', possible loss of data
     1>Attractor.cpp(413): warning C4244: '=' : conversion from 'double' to 'float', possible loss of data
     1>Attractor.cpp(414): warning C4244: '=' : conversion from 'double' to 'float', possible loss of data
     1>Attractor.cpp(421): warning C4244: 'initializing' : conversion from 'double' to 'float', possible loss of data
     1>Attractor.cpp(427): warning C4244: '=' : conversion from 'double' to 'float', possible loss of data
     1>Attractor.cpp(428): warning C4244: '=' : conversion from 'double' to 'float', possible loss of data
     1>Attractor.cpp(429): warning C4244: '=' : conversion from 'double' to 'float', possible loss of data
     1>Attractor.cpp(504): warning C4244: '=' : conversion from 'double' to 'float', possible loss of data
     1>Attractor.cpp(505): warning C4244: '=' : conversion from 'double' to 'float', possible loss of data
     1>Attractor.cpp(506): warning C4244: '=' : conversion from 'double' to 'float', possible loss of data
     1>Attractor.cpp(556): warning C4244: 'argument' : conversion from 'int' to 'GLfloat', possible loss of data
     1>Attractor.cpp(569): warning C4244: 'argument' : conversion from 'int' to 'GLfloat', possible loss of data
     1>Attractor.cpp(579): warning C4244: 'argument' : conversion from 'int' to 'GLfloat', possible loss of data
     1>Attractor.cpp(682): warning C4244: '-=' : conversion from 'double' to 'float', possible loss of data
     1>Attractor.cpp(685): warning C4244: '+=' : conversion from 'double' to 'float', possible loss of data
     1>Attractor.cpp(688): warning C4244: '+=' : conversion from 'double' to 'float', possible loss of data
     1>Attractor.cpp(691): warning C4244: '-=' : conversion from 'double' to 'float', possible loss of data
     1>Attractor.cpp(694): warning C4305: '*=' : truncation from 'double' to 'float'
     1>Attractor.cpp(697): warning C4305: '*=' : truncation from 'double' to 'float'
       Link:
         C:\Program Files (x86)\Microsoft Visual Studio 12.0\VC\bin\link.exe /ERRORREPORT:PROMPT /OUT:"C:\Users\Chris\Documents\Visual Studio Projects\Attractor2\Release\Attractor.exe" /NOLOGO glu32.lib opengl32.lib winmm.lib kernel32.lib user32.lib gdi32.lib winspool.lib comdlg32.lib advapi32.lib shell32.lib ole32.lib oleaut32.lib uuid.lib odbc32.lib odbccp32.lib /MANIFEST /MANIFESTUAC:"level='asInvoker' uiAccess='false'" /manifest:embed /DEBUG /PDB:"C:\Users\Chris\Documents\Visual Studio Projects\Attractor2\Release\Attractor.pdb" /OPT:REF /OPT:ICF /LTCG /TLBID:1 /DYNAMICBASE /NXCOMPAT /IMPLIB:"C:\Users\Chris\Documents\Visual Studio Projects\Attractor2\Release\Attractor.lib" /MACHINE:X86 /SAFESEH Release\Attractor.obj
         Release\Font.obj
         Generating code
         Finished generating code
         Attractor.vcxproj -> C:\Users\Chris\Documents\Visual Studio Projects\Attractor2\Release\Attractor.exe
     1>Done Building Project "C:\Users\Chris\Documents\Visual Studio Projects\Attractor2\Attractor\Attractor.vcxproj" (Build target(s)).

Build succeeded.

Time Elapsed 00:00:00.60
